<?xml version="1.0" encoding="UTF-8"?>
<testsuite name="dungeonmania.mvp.BasicGoalsTest" tests="4" skipped="0" failures="0" errors="0" timestamp="2022-12-01T13:58:13" hostname="vx02" time="0.288">
  <properties/>
  <testcase name="Test achieving a basic exit goal" classname="dungeonmania.mvp.BasicGoalsTest" time="0.072"/>
  <testcase name="Test achieving a boulders goal where there are five switches" classname="dungeonmania.mvp.BasicGoalsTest" time="0.1"/>
  <testcase name="Test achieving a basic treasure goal" classname="dungeonmania.mvp.BasicGoalsTest" time="0.041"/>
  <testcase name="Test achieving a basic boulders goal" classname="dungeonmania.mvp.BasicGoalsTest" time="0.064"/>
  <system-out><![CDATA[]]></system-out>
  <system-err><![CDATA[[Test worker] INFO org.reflections.Reflections - Reflections took 12 ms to scan 2 urls, producing 153 keys and 153 values
[Test worker] INFO org.reflections.Reflections - Reflections took 18 ms to scan 2 urls, producing 118 keys and 118 values
[Test worker] INFO org.reflections.Reflections - Reflections took 9 ms to scan 2 urls, producing 153 keys and 153 values
[Test worker] INFO org.reflections.Reflections - Reflections took 9 ms to scan 2 urls, producing 118 keys and 118 values
[Test worker] INFO org.reflections.Reflections - Reflections took 17 ms to scan 2 urls, producing 153 keys and 153 values
[Test worker] INFO org.reflections.Reflections - Reflections took 12 ms to scan 2 urls, producing 118 keys and 118 values
[Test worker] INFO org.reflections.Reflections - Reflections took 41 ms to scan 2 urls, producing 153 keys and 153 values
[Test worker] INFO org.reflections.Reflections - Reflections took 8 ms to scan 2 urls, producing 118 keys and 118 values
]]></system-err>
</testsuite>
