<?xml version="1.0" encoding="UTF-8"?>
<testsuite name="dungeonmania.mvp.EnemyGoalsTest" tests="4" skipped="0" failures="0" errors="0" timestamp="2022-12-01T13:58:18" hostname="vx02" time="0.216">
  <properties/>
  <testcase name="Testing enemies goal with AND" classname="dungeonmania.mvp.EnemyGoalsTest" time="0.044"/>
  <testcase name="Testing enemies goal of needing to kill 1" classname="dungeonmania.mvp.EnemyGoalsTest" time="0.045"/>
  <testcase name="Testing enemies goal with OR" classname="dungeonmania.mvp.EnemyGoalsTest" time="0.054"/>
  <testcase name="Testing enemies goal of needing to destroy all spawners" classname="dungeonmania.mvp.EnemyGoalsTest" time="0.063"/>
  <system-out><![CDATA[((:enemies AND :treasure) AND :boulders)
]]></system-out>
  <system-err><![CDATA[[Test worker] INFO org.reflections.Reflections - Reflections took 25 ms to scan 2 urls, producing 153 keys and 153 values
[Test worker] INFO org.reflections.Reflections - Reflections took 16 ms to scan 2 urls, producing 118 keys and 118 values
[Test worker] INFO org.reflections.Reflections - Reflections took 31 ms to scan 2 urls, producing 153 keys and 153 values
[Test worker] INFO org.reflections.Reflections - Reflections took 9 ms to scan 2 urls, producing 118 keys and 118 values
[Test worker] INFO org.reflections.Reflections - Reflections took 17 ms to scan 2 urls, producing 153 keys and 153 values
[Test worker] INFO org.reflections.Reflections - Reflections took 29 ms to scan 2 urls, producing 118 keys and 118 values
[Test worker] INFO org.reflections.Reflections - Reflections took 37 ms to scan 2 urls, producing 153 keys and 153 values
[Test worker] INFO org.reflections.Reflections - Reflections took 16 ms to scan 2 urls, producing 118 keys and 118 values
]]></system-err>
</testsuite>
