<?xml version="1.0" encoding="UTF-8"?>
<testsuite name="dungeonmania.mvp.BouldersTest" tests="3" skipped="0" failures="0" errors="0" timestamp="2022-12-01T13:58:17" hostname="vx02" time="0.199">
  <properties/>
  <testcase name="Test the player is unable to push two boulders" classname="dungeonmania.mvp.BouldersTest" time="0.033"/>
  <testcase name="Test pushing a boulder" classname="dungeonmania.mvp.BouldersTest" time="0.045"/>
  <testcase name="Test attempting to push a boulder into a wall" classname="dungeonmania.mvp.BouldersTest" time="0.066"/>
  <system-out><![CDATA[]]></system-out>
  <system-err><![CDATA[[Test worker] INFO org.reflections.Reflections - Reflections took 13 ms to scan 2 urls, producing 153 keys and 153 values
[Test worker] INFO org.reflections.Reflections - Reflections took 11 ms to scan 2 urls, producing 118 keys and 118 values
[Test worker] INFO org.reflections.Reflections - Reflections took 16 ms to scan 2 urls, producing 153 keys and 153 values
[Test worker] INFO org.reflections.Reflections - Reflections took 16 ms to scan 2 urls, producing 118 keys and 118 values
[Test worker] INFO org.reflections.Reflections - Reflections took 17 ms to scan 2 urls, producing 153 keys and 153 values
[Test worker] INFO org.reflections.Reflections - Reflections took 17 ms to scan 2 urls, producing 118 keys and 118 values
]]></system-err>
</testsuite>
