<?xml version="1.0" encoding="UTF-8"?>
<testsuite name="dungeonmania.mvp.BuildablesTest" tests="6" skipped="0" failures="0" errors="0" timestamp="2022-12-01T13:58:08" hostname="vx02" time="0.483">
  <properties/>
  <testcase name="Test building a shield with a key" classname="dungeonmania.mvp.BuildablesTest" time="0.063"/>
  <testcase name="Test InvalidActionException is raised when the player does not have sufficient items to build a bow or shield" classname="dungeonmania.mvp.BuildablesTest" time="0.061"/>
  <testcase name="Test building a bow" classname="dungeonmania.mvp.BuildablesTest" time="0.105"/>
  <testcase name="Test IllegalArgumentException is raised when attempting to build an unknown entity - sword" classname="dungeonmania.mvp.BuildablesTest" time="0.086"/>
  <testcase name="Test building a shield with treasure" classname="dungeonmania.mvp.BuildablesTest" time="0.081"/>
  <testcase name="Test responsse buildables parameter is a list of buildables that the player can currently build" classname="dungeonmania.mvp.BuildablesTest" time="0.049"/>
  <system-out><![CDATA[]]></system-out>
  <system-err><![CDATA[[Test worker] INFO org.reflections.Reflections - Reflections took 24 ms to scan 2 urls, producing 153 keys and 153 values
[Test worker] INFO org.reflections.Reflections - Reflections took 27 ms to scan 2 urls, producing 118 keys and 118 values
[Test worker] INFO org.reflections.Reflections - Reflections took 13 ms to scan 2 urls, producing 153 keys and 153 values
[Test worker] INFO org.reflections.Reflections - Reflections took 12 ms to scan 2 urls, producing 118 keys and 118 values
[Test worker] INFO org.reflections.Reflections - Reflections took 24 ms to scan 2 urls, producing 153 keys and 153 values
[Test worker] INFO org.reflections.Reflections - Reflections took 48 ms to scan 2 urls, producing 118 keys and 118 values
[Test worker] INFO org.reflections.Reflections - Reflections took 48 ms to scan 2 urls, producing 153 keys and 153 values
[Test worker] INFO org.reflections.Reflections - Reflections took 30 ms to scan 2 urls, producing 118 keys and 118 values
[Test worker] INFO org.reflections.Reflections - Reflections took 27 ms to scan 2 urls, producing 153 keys and 153 values
[Test worker] INFO org.reflections.Reflections - Reflections took 26 ms to scan 2 urls, producing 118 keys and 118 values
[Test worker] INFO org.reflections.Reflections - Reflections took 20 ms to scan 2 urls, producing 153 keys and 153 values
[Test worker] INFO org.reflections.Reflections - Reflections took 16 ms to scan 2 urls, producing 118 keys and 118 values
]]></system-err>
</testsuite>
