<?xml version="1.0" encoding="UTF-8"?>
<testsuite name="dungeonmania.mvp.AllyBattleTest" tests="3" skipped="0" failures="0" errors="0" timestamp="2022-12-01T13:58:11" hostname="vx02" time="2.089">
  <properties/>
  <testcase name="Test mulltiple allies increases damage and defence" classname="dungeonmania.mvp.AllyBattleTest" time="1.063"/>
  <testcase name="Test assassin and mercenary allies increases damage and defence" classname="dungeonmania.mvp.AllyBattleTest" time="0.978"/>
  <testcase name="Test singular ally increases damage and defence" classname="dungeonmania.mvp.AllyBattleTest" time="0.021"/>
  <system-out><![CDATA[]]></system-out>
  <system-err><![CDATA[[Test worker] INFO org.reflections.Reflections - Reflections took 17 ms to scan 2 urls, producing 153 keys and 153 values
[Test worker] INFO org.reflections.Reflections - Reflections took 18 ms to scan 2 urls, producing 118 keys and 118 values
[Test worker] INFO org.reflections.Reflections - Reflections took 27 ms to scan 2 urls, producing 153 keys and 153 values
[Test worker] INFO org.reflections.Reflections - Reflections took 9 ms to scan 2 urls, producing 118 keys and 118 values
[Test worker] INFO org.reflections.Reflections - Reflections took 9 ms to scan 2 urls, producing 153 keys and 153 values
[Test worker] INFO org.reflections.Reflections - Reflections took 7 ms to scan 2 urls, producing 118 keys and 118 values
]]></system-err>
</testsuite>
