<?xml version="1.0" encoding="UTF-8"?>
<testsuite name="dungeonmania.mvp.BombTest" tests="8" skipped="0" failures="0" errors="0" timestamp="2022-12-01T13:58:13" hostname="vx02" time="0.417">
  <properties/>
  <testcase name="Test picking up a bomb removes the bomb from the map and adds the bomb to the inventory" classname="dungeonmania.mvp.BombTest" time="0.022"/>
  <testcase name="Test placing a bomb removes it from the inventory and places it on the map at the character's location" classname="dungeonmania.mvp.BombTest" time="0.101"/>
  <testcase name="Test placing a bomb on a map diagonally adjacent to an active switch will not cause the bomb to detonate" classname="dungeonmania.mvp.BombTest" time="0.06"/>
  <testcase name="Test surrounding entities are removed when placing a bomb next to an active switch with bomb radius set to 2" classname="dungeonmania.mvp.BombTest" time="0.026"/>
  <testcase name="Test surrounding entities are removed when placing a bomb next to an active switch with bomb radius set to 10" classname="dungeonmania.mvp.BombTest" time="0.02"/>
  <testcase name="Test placing a bomb cardinally adjacent to an inactive switch does not cause the bomb to explode" classname="dungeonmania.mvp.BombTest" time="0.047"/>
  <testcase name="Test placing a bomb cardinally adjacent to an active switch, removing surrounding non-player entities" classname="dungeonmania.mvp.BombTest" time="0.047"/>
  <testcase name="Test placing a bomb on a map cardinally adjacent to an inactive switch, and then activating the switch" classname="dungeonmania.mvp.BombTest" time="0.051"/>
  <system-out><![CDATA[]]></system-out>
  <system-err><![CDATA[[Test worker] INFO org.reflections.Reflections - Reflections took 8 ms to scan 2 urls, producing 153 keys and 153 values
[Test worker] INFO org.reflections.Reflections - Reflections took 8 ms to scan 2 urls, producing 118 keys and 118 values
[Test worker] INFO org.reflections.Reflections - Reflections took 35 ms to scan 2 urls, producing 153 keys and 153 values
[Test worker] INFO org.reflections.Reflections - Reflections took 13 ms to scan 2 urls, producing 118 keys and 118 values
[Test worker] INFO org.reflections.Reflections - Reflections took 22 ms to scan 2 urls, producing 153 keys and 153 values
[Test worker] INFO org.reflections.Reflections - Reflections took 15 ms to scan 2 urls, producing 118 keys and 118 values
[Test worker] INFO org.reflections.Reflections - Reflections took 10 ms to scan 2 urls, producing 153 keys and 153 values
[Test worker] INFO org.reflections.Reflections - Reflections took 8 ms to scan 2 urls, producing 118 keys and 118 values
[Test worker] INFO org.reflections.Reflections - Reflections took 10 ms to scan 2 urls, producing 153 keys and 153 values
[Test worker] INFO org.reflections.Reflections - Reflections took 8 ms to scan 2 urls, producing 118 keys and 118 values
[Test worker] INFO org.reflections.Reflections - Reflections took 13 ms to scan 2 urls, producing 153 keys and 153 values
[Test worker] INFO org.reflections.Reflections - Reflections took 13 ms to scan 2 urls, producing 118 keys and 118 values
[Test worker] INFO org.reflections.Reflections - Reflections took 17 ms to scan 2 urls, producing 153 keys and 153 values
[Test worker] INFO org.reflections.Reflections - Reflections took 25 ms to scan 2 urls, producing 118 keys and 118 values
[Test worker] INFO org.reflections.Reflections - Reflections took 12 ms to scan 2 urls, producing 153 keys and 153 values
[Test worker] INFO org.reflections.Reflections - Reflections took 22 ms to scan 2 urls, producing 118 keys and 118 values
]]></system-err>
</testsuite>
