<?xml version="1.0" encoding="UTF-8"?>
<testsuite name="dungeonmania.mvp.SpiderTest" tests="6" skipped="0" failures="0" errors="0" timestamp="2022-12-01T13:58:10" hostname="vx02" time="0.531">
  <properties/>
  <testcase name="Test spiders can traverse through switches, doors and exits" classname="dungeonmania.mvp.SpiderTest" time="0.048"/>
  <testcase name="Test spiders can traverse through walls" classname="dungeonmania.mvp.SpiderTest" time="0.044"/>
  <testcase name="Test basic movement of spiders" classname="dungeonmania.mvp.SpiderTest" time="0.058"/>
  <testcase name="Test spider_spawn_interval = 1, 5, 10 in config file" classname="dungeonmania.mvp.SpiderTest" time="0.288"/>
  <testcase name="Test spiders cannot move through boulders and reverses direction" classname="dungeonmania.mvp.SpiderTest" time="0.039"/>
  <testcase name="Test spider_spawn_interval = 0 in config file" classname="dungeonmania.mvp.SpiderTest" time="0.038"/>
  <system-out><![CDATA[]]></system-out>
  <system-err><![CDATA[[Test worker] INFO org.reflections.Reflections - Reflections took 16 ms to scan 2 urls, producing 153 keys and 153 values
[Test worker] INFO org.reflections.Reflections - Reflections took 19 ms to scan 2 urls, producing 118 keys and 118 values
[Test worker] INFO org.reflections.Reflections - Reflections took 34 ms to scan 2 urls, producing 153 keys and 153 values
[Test worker] INFO org.reflections.Reflections - Reflections took 8 ms to scan 2 urls, producing 118 keys and 118 values
[Test worker] INFO org.reflections.Reflections - Reflections took 27 ms to scan 2 urls, producing 153 keys and 153 values
[Test worker] INFO org.reflections.Reflections - Reflections took 11 ms to scan 2 urls, producing 118 keys and 118 values
[Test worker] INFO org.reflections.Reflections - Reflections took 18 ms to scan 2 urls, producing 153 keys and 153 values
[Test worker] INFO org.reflections.Reflections - Reflections took 15 ms to scan 2 urls, producing 118 keys and 118 values
[Test worker] INFO org.reflections.Reflections - Reflections took 32 ms to scan 2 urls, producing 153 keys and 153 values
[Test worker] INFO org.reflections.Reflections - Reflections took 12 ms to scan 2 urls, producing 118 keys and 118 values
[Test worker] INFO org.reflections.Reflections - Reflections took 20 ms to scan 2 urls, producing 153 keys and 153 values
[Test worker] INFO org.reflections.Reflections - Reflections took 21 ms to scan 2 urls, producing 118 keys and 118 values
[Test worker] INFO org.reflections.Reflections - Reflections took 23 ms to scan 2 urls, producing 153 keys and 153 values
[Test worker] INFO org.reflections.Reflections - Reflections took 12 ms to scan 2 urls, producing 118 keys and 118 values
[Test worker] INFO org.reflections.Reflections - Reflections took 7 ms to scan 2 urls, producing 153 keys and 153 values
[Test worker] INFO org.reflections.Reflections - Reflections took 11 ms to scan 2 urls, producing 118 keys and 118 values
]]></system-err>
</testsuite>
