<?xml version="1.0" encoding="UTF-8"?>
<testsuite name="dungeonmania.mvp.InterfaceTest$TickInterfaceTest" tests="3" skipped="0" failures="0" errors="0" timestamp="2022-12-01T13:58:19" hostname="vx02" time="0.084">
  <properties/>
  <testcase name="Testing tick interface method, normal operation" classname="dungeonmania.mvp.InterfaceTest$TickInterfaceTest" time="0.05"/>
  <testcase name="Testing tick with an item that is not in the player's inventory" classname="dungeonmania.mvp.InterfaceTest$TickInterfaceTest" time="0.016"/>
  <testcase name="Testing tick with an unusable item in the inventory" classname="dungeonmania.mvp.InterfaceTest$TickInterfaceTest" time="0.017"/>
  <system-out><![CDATA[]]></system-out>
  <system-err><![CDATA[[Test worker] INFO org.reflections.Reflections - Reflections took 40 ms to scan 2 urls, producing 153 keys and 153 values
[Test worker] INFO org.reflections.Reflections - Reflections took 7 ms to scan 2 urls, producing 118 keys and 118 values
[Test worker] INFO org.reflections.Reflections - Reflections took 8 ms to scan 2 urls, producing 153 keys and 153 values
[Test worker] INFO org.reflections.Reflections - Reflections took 7 ms to scan 2 urls, producing 118 keys and 118 values
[Test worker] INFO org.reflections.Reflections - Reflections took 7 ms to scan 2 urls, producing 153 keys and 153 values
[Test worker] INFO org.reflections.Reflections - Reflections took 8 ms to scan 2 urls, producing 118 keys and 118 values
]]></system-err>
</testsuite>
