<?xml version="1.0" encoding="UTF-8"?>
<testsuite name="dungeonmania.mvp.MovementTest" tests="4" skipped="0" failures="0" errors="0" timestamp="2022-12-01T13:58:11" hostname="vx02" time="0.284">
  <properties/>
  <testcase name="Test the player can move up" classname="dungeonmania.mvp.MovementTest" time="0.052"/>
  <testcase name="Test the player can move right" classname="dungeonmania.mvp.MovementTest" time="0.05"/>
  <testcase name="Test the player can move down" classname="dungeonmania.mvp.MovementTest" time="0.085"/>
  <testcase name="Test the player can move left" classname="dungeonmania.mvp.MovementTest" time="0.086"/>
  <system-out><![CDATA[]]></system-out>
  <system-err><![CDATA[[Test worker] INFO org.reflections.Reflections - Reflections took 38 ms to scan 2 urls, producing 153 keys and 153 values
[Test worker] INFO org.reflections.Reflections - Reflections took 10 ms to scan 2 urls, producing 118 keys and 118 values
[Test worker] INFO org.reflections.Reflections - Reflections took 7 ms to scan 2 urls, producing 153 keys and 153 values
[Test worker] INFO org.reflections.Reflections - Reflections took 7 ms to scan 2 urls, producing 118 keys and 118 values
[Test worker] INFO org.reflections.Reflections - Reflections took 26 ms to scan 2 urls, producing 153 keys and 153 values
[Test worker] INFO org.reflections.Reflections - Reflections took 45 ms to scan 2 urls, producing 118 keys and 118 values
[Test worker] INFO org.reflections.Reflections - Reflections took 46 ms to scan 2 urls, producing 153 keys and 153 values
[Test worker] INFO org.reflections.Reflections - Reflections took 26 ms to scan 2 urls, producing 118 keys and 118 values
]]></system-err>
</testsuite>
