<?xml version="1.0" encoding="UTF-8"?>
<testsuite name="dungeonmania.mvp.BattleTest" tests="22" skipped="0" failures="0" errors="0" timestamp="2022-12-01T13:58:15" hostname="vx02" time="1.198">
  <properties/>
  <testcase name="Test basic health calculations spider - player wins" classname="dungeonmania.mvp.BattleTest" time="0.05"/>
  <testcase name="Test the player battles three enemies consecutively and defeats them" classname="dungeonmania.mvp.BattleTest" time="0.028"/>
  <testcase name="Test player battles mercenary and mercenary dies" classname="dungeonmania.mvp.BattleTest" time="0.035"/>
  <testcase name="Test player battles mercenary and player dies" classname="dungeonmania.mvp.BattleTest" time="0.049"/>
  <testcase name="Test basic health calculations zombie - player wins" classname="dungeonmania.mvp.BattleTest" time="0.038"/>
  <testcase name="Test shield reduces enemy attack" classname="dungeonmania.mvp.BattleTest" time="0.04"/>
  <testcase name="Test sword increases attack damage" classname="dungeonmania.mvp.BattleTest" time="0.03"/>
  <testcase name="Test a player wins a battle against a mercenary with an invincibility potion" classname="dungeonmania.mvp.BattleTest" time="0.07"/>
  <testcase name="Test player wins a battle against a zombie with an invincibility potion" classname="dungeonmania.mvp.BattleTest" time="0.063"/>
  <testcase name="Test player battles zombie and zombie dies" classname="dungeonmania.mvp.BattleTest" time="0.049"/>
  <testcase name="Test bow durability" classname="dungeonmania.mvp.BattleTest" time="0.05"/>
  <testcase name="Test sword durability" classname="dungeonmania.mvp.BattleTest" time="0.039"/>
  <testcase name="Test basic health calculations mercenary - player loses" classname="dungeonmania.mvp.BattleTest" time="0.07"/>
  <testcase name="Test player battles spider and spider dies" classname="dungeonmania.mvp.BattleTest" time="0.074"/>
  <testcase name="Test player wins a battle against a spider with an invinicibility potion" classname="dungeonmania.mvp.BattleTest" time="0.057"/>
  <testcase name="Test attack twice with bow - spider" classname="dungeonmania.mvp.BattleTest" time="0.075"/>
  <testcase name="Test basic health calculations spider - player loses" classname="dungeonmania.mvp.BattleTest" time="0.017"/>
  <testcase name="Test basic health calculations zombie - player loses" classname="dungeonmania.mvp.BattleTest" time="0.084"/>
  <testcase name="Test basic health calculations mercenary - player wins" classname="dungeonmania.mvp.BattleTest" time="0.07"/>
  <testcase name="Test player battles spider and player dies" classname="dungeonmania.mvp.BattleTest" time="0.059"/>
  <testcase name="Test player battles zombie and player dies" classname="dungeonmania.mvp.BattleTest" time="0.034"/>
  <testcase name="Test shield durability" classname="dungeonmania.mvp.BattleTest" time="0.053"/>
  <system-out><![CDATA[]]></system-out>
  <system-err><![CDATA[[Test worker] INFO org.reflections.Reflections - Reflections took 13 ms to scan 2 urls, producing 153 keys and 153 values
[Test worker] INFO org.reflections.Reflections - Reflections took 17 ms to scan 2 urls, producing 118 keys and 118 values
[Test worker] INFO org.reflections.Reflections - Reflections took 10 ms to scan 2 urls, producing 153 keys and 153 values
[Test worker] INFO org.reflections.Reflections - Reflections took 13 ms to scan 2 urls, producing 118 keys and 118 values
[Test worker] INFO org.reflections.Reflections - Reflections took 13 ms to scan 2 urls, producing 153 keys and 153 values
[Test worker] INFO org.reflections.Reflections - Reflections took 12 ms to scan 2 urls, producing 118 keys and 118 values
[Test worker] INFO org.reflections.Reflections - Reflections took 14 ms to scan 2 urls, producing 153 keys and 153 values
[Test worker] INFO org.reflections.Reflections - Reflections took 20 ms to scan 2 urls, producing 118 keys and 118 values
[Test worker] INFO org.reflections.Reflections - Reflections took 14 ms to scan 2 urls, producing 153 keys and 153 values
[Test worker] INFO org.reflections.Reflections - Reflections took 13 ms to scan 2 urls, producing 118 keys and 118 values
[Test worker] INFO org.reflections.Reflections - Reflections took 20 ms to scan 2 urls, producing 153 keys and 153 values
[Test worker] INFO org.reflections.Reflections - Reflections took 7 ms to scan 2 urls, producing 118 keys and 118 values
[Test worker] INFO org.reflections.Reflections - Reflections took 13 ms to scan 2 urls, producing 153 keys and 153 values
[Test worker] INFO org.reflections.Reflections - Reflections took 12 ms to scan 2 urls, producing 118 keys and 118 values
[Test worker] INFO org.reflections.Reflections - Reflections took 13 ms to scan 2 urls, producing 153 keys and 153 values
[Test worker] INFO org.reflections.Reflections - Reflections took 20 ms to scan 2 urls, producing 118 keys and 118 values
[Test worker] INFO org.reflections.Reflections - Reflections took 41 ms to scan 2 urls, producing 153 keys and 153 values
[Test worker] INFO org.reflections.Reflections - Reflections took 18 ms to scan 2 urls, producing 118 keys and 118 values
[Test worker] INFO org.reflections.Reflections - Reflections took 27 ms to scan 2 urls, producing 153 keys and 153 values
[Test worker] INFO org.reflections.Reflections - Reflections took 16 ms to scan 2 urls, producing 118 keys and 118 values
[Test worker] INFO org.reflections.Reflections - Reflections took 33 ms to scan 2 urls, producing 153 keys and 153 values
[Test worker] INFO org.reflections.Reflections - Reflections took 8 ms to scan 2 urls, producing 118 keys and 118 values
[Test worker] INFO org.reflections.Reflections - Reflections took 16 ms to scan 2 urls, producing 153 keys and 153 values
[Test worker] INFO org.reflections.Reflections - Reflections took 14 ms to scan 2 urls, producing 118 keys and 118 values
[Test worker] INFO org.reflections.Reflections - Reflections took 29 ms to scan 2 urls, producing 153 keys and 153 values
[Test worker] INFO org.reflections.Reflections - Reflections took 14 ms to scan 2 urls, producing 118 keys and 118 values
[Test worker] INFO org.reflections.Reflections - Reflections took 41 ms to scan 2 urls, producing 153 keys and 153 values
[Test worker] INFO org.reflections.Reflections - Reflections took 25 ms to scan 2 urls, producing 118 keys and 118 values
[Test worker] INFO org.reflections.Reflections - Reflections took 25 ms to scan 2 urls, producing 153 keys and 153 values
[Test worker] INFO org.reflections.Reflections - Reflections took 17 ms to scan 2 urls, producing 118 keys and 118 values
[Test worker] INFO org.reflections.Reflections - Reflections took 26 ms to scan 2 urls, producing 153 keys and 153 values
[Test worker] INFO org.reflections.Reflections - Reflections took 8 ms to scan 2 urls, producing 118 keys and 118 values
[Test worker] INFO org.reflections.Reflections - Reflections took 7 ms to scan 2 urls, producing 153 keys and 153 values
[Test worker] INFO org.reflections.Reflections - Reflections took 7 ms to scan 2 urls, producing 118 keys and 118 values
[Test worker] INFO org.reflections.Reflections - Reflections took 47 ms to scan 2 urls, producing 153 keys and 153 values
[Test worker] INFO org.reflections.Reflections - Reflections took 23 ms to scan 2 urls, producing 118 keys and 118 values
[Test worker] INFO org.reflections.Reflections - Reflections took 17 ms to scan 2 urls, producing 153 keys and 153 values
[Test worker] INFO org.reflections.Reflections - Reflections took 22 ms to scan 2 urls, producing 118 keys and 118 values
[Test worker] INFO org.reflections.Reflections - Reflections took 46 ms to scan 2 urls, producing 153 keys and 153 values
[Test worker] INFO org.reflections.Reflections - Reflections took 7 ms to scan 2 urls, producing 118 keys and 118 values
[Test worker] INFO org.reflections.Reflections - Reflections took 8 ms to scan 2 urls, producing 153 keys and 153 values
[Test worker] INFO org.reflections.Reflections - Reflections took 10 ms to scan 2 urls, producing 118 keys and 118 values
[Test worker] INFO org.reflections.Reflections - Reflections took 26 ms to scan 2 urls, producing 153 keys and 153 values
[Test worker] INFO org.reflections.Reflections - Reflections took 8 ms to scan 2 urls, producing 118 keys and 118 values
]]></system-err>
</testsuite>
