<?xml version="1.0" encoding="UTF-8"?>
<testsuite name="dungeonmania.mvp.MidnightArmourTest" tests="3" skipped="0" failures="0" errors="0" timestamp="2022-12-01T13:58:07" hostname="vx02" time="0.784">
  <properties/>
  <testcase name="Test Zombie exists then dies" classname="dungeonmania.mvp.MidnightArmourTest" time="0.607"/>
  <testcase name="Test that armour cant be built when zombies exist" classname="dungeonmania.mvp.MidnightArmourTest" time="0.093"/>
  <testcase name="Test armour can be built" classname="dungeonmania.mvp.MidnightArmourTest" time="0.084"/>
  <system-out><![CDATA[]]></system-out>
  <system-err><![CDATA[[Test worker] INFO org.reflections.Reflections - Reflections took 300 ms to scan 2 urls, producing 153 keys and 153 values
[Test worker] INFO org.reflections.Reflections - Reflections took 21 ms to scan 2 urls, producing 118 keys and 118 values
[Test worker] INFO org.reflections.Reflections - Reflections took 38 ms to scan 2 urls, producing 153 keys and 153 values
[Test worker] INFO org.reflections.Reflections - Reflections took 40 ms to scan 2 urls, producing 118 keys and 118 values
[Test worker] INFO org.reflections.Reflections - Reflections took 33 ms to scan 2 urls, producing 153 keys and 153 values
[Test worker] INFO org.reflections.Reflections - Reflections took 28 ms to scan 2 urls, producing 118 keys and 118 values
]]></system-err>
</testsuite>
