<?xml version="1.0" encoding="UTF-8"?>
<testsuite name="dungeonmania.mvp.PotionsTest" tests="6" skipped="0" failures="0" errors="0" timestamp="2022-12-01T13:58:15" hostname="vx02" time="0.341">
  <properties/>
  <testcase name="Test invincibility potions do not change spider movement" classname="dungeonmania.mvp.PotionsTest" time="0.054"/>
  <testcase name="Test the effects of the invincibility potion only last for a limited time" classname="dungeonmania.mvp.PotionsTest" time="0.05"/>
  <testcase name="Test when the effects of a 2nd potion are 'queued'" classname="dungeonmania.mvp.PotionsTest" time="0.058"/>
  <testcase name="Test invincibility potion can be picked up and consumed" classname="dungeonmania.mvp.PotionsTest" time="0.057"/>
  <testcase name="Test invisibility potion can be picked up and consumed" classname="dungeonmania.mvp.PotionsTest" time="0.032"/>
  <testcase name="Test the effects of the invisibility potion only last for a limited time" classname="dungeonmania.mvp.PotionsTest" time="0.065"/>
  <system-out><![CDATA[]]></system-out>
  <system-err><![CDATA[[Test worker] INFO org.reflections.Reflections - Reflections took 38 ms to scan 2 urls, producing 153 keys and 153 values
[Test worker] INFO org.reflections.Reflections - Reflections took 12 ms to scan 2 urls, producing 118 keys and 118 values
[Test worker] INFO org.reflections.Reflections - Reflections took 16 ms to scan 2 urls, producing 153 keys and 153 values
[Test worker] INFO org.reflections.Reflections - Reflections took 17 ms to scan 2 urls, producing 118 keys and 118 values
[Test worker] INFO org.reflections.Reflections - Reflections took 33 ms to scan 2 urls, producing 153 keys and 153 values
[Test worker] INFO org.reflections.Reflections - Reflections took 19 ms to scan 2 urls, producing 118 keys and 118 values
[Test worker] INFO org.reflections.Reflections - Reflections took 16 ms to scan 2 urls, producing 153 keys and 153 values
[Test worker] INFO org.reflections.Reflections - Reflections took 21 ms to scan 2 urls, producing 118 keys and 118 values
[Test worker] INFO org.reflections.Reflections - Reflections took 14 ms to scan 2 urls, producing 153 keys and 153 values
[Test worker] INFO org.reflections.Reflections - Reflections took 15 ms to scan 2 urls, producing 118 keys and 118 values
[Test worker] INFO org.reflections.Reflections - Reflections took 24 ms to scan 2 urls, producing 153 keys and 153 values
[Test worker] INFO org.reflections.Reflections - Reflections took 37 ms to scan 2 urls, producing 118 keys and 118 values
]]></system-err>
</testsuite>
