<?xml version="1.0" encoding="UTF-8"?>
<testsuite name="dungeonmania.mvp.ZombieTest" tests="7" skipped="0" failures="0" errors="0" timestamp="2022-12-01T13:58:09" hostname="vx02" time="0.561">
  <properties/>
  <testcase name="Testing that a dungeon with 2 spawners, spawns 2 zombies at a time" classname="dungeonmania.mvp.ZombieTest" time="0.073"/>
  <testcase name="Testing zombie toast spawners won't spawn zombies if there are no cardinally adjacent open squares" classname="dungeonmania.mvp.ZombieTest" time="0.065"/>
  <testcase name="Testing zombies movement" classname="dungeonmania.mvp.ZombieTest" time="0.058"/>
  <testcase name="Testing zombies cannot move through closed doors and walls" classname="dungeonmania.mvp.ZombieTest" time="0.052"/>
  <testcase name="Testing zombie toast spawners spawn zombies in cardinally adjacent open squares" classname="dungeonmania.mvp.ZombieTest" time="0.092"/>
  <testcase name="Testing zombie spawners spawn zombies every x ticks" classname="dungeonmania.mvp.ZombieTest" time="0.138"/>
  <testcase name="Testing destroying a zombie toast spawner" classname="dungeonmania.mvp.ZombieTest" time="0.055"/>
  <system-out><![CDATA[]]></system-out>
  <system-err><![CDATA[[Test worker] INFO org.reflections.Reflections - Reflections took 21 ms to scan 2 urls, producing 153 keys and 153 values
[Test worker] INFO org.reflections.Reflections - Reflections took 25 ms to scan 2 urls, producing 118 keys and 118 values
[Test worker] INFO org.reflections.Reflections - Reflections took 35 ms to scan 2 urls, producing 153 keys and 153 values
[Test worker] INFO org.reflections.Reflections - Reflections took 16 ms to scan 2 urls, producing 118 keys and 118 values
[Test worker] INFO org.reflections.Reflections - Reflections took 25 ms to scan 2 urls, producing 153 keys and 153 values
[Test worker] INFO org.reflections.Reflections - Reflections took 23 ms to scan 2 urls, producing 118 keys and 118 values
[Test worker] INFO org.reflections.Reflections - Reflections took 9 ms to scan 2 urls, producing 153 keys and 153 values
[Test worker] INFO org.reflections.Reflections - Reflections took 10 ms to scan 2 urls, producing 118 keys and 118 values
[Test worker] INFO org.reflections.Reflections - Reflections took 23 ms to scan 2 urls, producing 153 keys and 153 values
[Test worker] INFO org.reflections.Reflections - Reflections took 51 ms to scan 2 urls, producing 118 keys and 118 values
[Test worker] INFO org.reflections.Reflections - Reflections took 26 ms to scan 2 urls, producing 153 keys and 153 values
[Test worker] INFO org.reflections.Reflections - Reflections took 21 ms to scan 2 urls, producing 118 keys and 118 values
[Test worker] INFO org.reflections.Reflections - Reflections took 19 ms to scan 2 urls, producing 153 keys and 153 values
[Test worker] INFO org.reflections.Reflections - Reflections took 17 ms to scan 2 urls, producing 118 keys and 118 values
[Test worker] INFO org.reflections.Reflections - Reflections took 20 ms to scan 2 urls, producing 153 keys and 153 values
[Test worker] INFO org.reflections.Reflections - Reflections took 23 ms to scan 2 urls, producing 118 keys and 118 values
]]></system-err>
</testsuite>
