<?xml version="1.0" encoding="UTF-8"?>
<testsuite name="dungeonmania.mvp.ComplexGoalsTest" tests="5" skipped="0" failures="0" errors="0" timestamp="2022-12-01T13:58:15" hostname="vx02" time="0.272">
  <properties/>
  <testcase name="Testing a switch goal can be achieved and then become unachieved" classname="dungeonmania.mvp.ComplexGoalsTest" time="0.076"/>
  <testcase name="Testing a map with 4 conjunction goal" classname="dungeonmania.mvp.ComplexGoalsTest" time="0.068"/>
  <testcase name="Testing a map with 4 disjunction goal" classname="dungeonmania.mvp.ComplexGoalsTest" time="0.042"/>
  <testcase name="Testing that the exit goal must be achieved last and EXIT and TREASURE" classname="dungeonmania.mvp.ComplexGoalsTest" time="0.04"/>
  <testcase name="Testing that the exit goal must be achieved last in EXIT and TREASURE" classname="dungeonmania.mvp.ComplexGoalsTest" time="0.03"/>
  <system-out><![CDATA[((:exit AND :treasure) AND :boulders)
]]></system-out>
  <system-err><![CDATA[[Test worker] INFO org.reflections.Reflections - Reflections took 18 ms to scan 2 urls, producing 153 keys and 153 values
[Test worker] INFO org.reflections.Reflections - Reflections took 21 ms to scan 2 urls, producing 118 keys and 118 values
[Test worker] INFO org.reflections.Reflections - Reflections took 46 ms to scan 2 urls, producing 153 keys and 153 values
[Test worker] INFO org.reflections.Reflections - Reflections took 19 ms to scan 2 urls, producing 118 keys and 118 values
[Test worker] INFO org.reflections.Reflections - Reflections took 16 ms to scan 2 urls, producing 153 keys and 153 values
[Test worker] INFO org.reflections.Reflections - Reflections took 18 ms to scan 2 urls, producing 118 keys and 118 values
[Test worker] INFO org.reflections.Reflections - Reflections took 9 ms to scan 2 urls, producing 153 keys and 153 values
[Test worker] INFO org.reflections.Reflections - Reflections took 22 ms to scan 2 urls, producing 118 keys and 118 values
[Test worker] INFO org.reflections.Reflections - Reflections took 10 ms to scan 2 urls, producing 153 keys and 153 values
[Test worker] INFO org.reflections.Reflections - Reflections took 16 ms to scan 2 urls, producing 118 keys and 118 values
]]></system-err>
</testsuite>
