<?xml version="1.0" encoding="UTF-8"?>
<testsuite name="dungeonmania.mvp.AlliesMovementTest" tests="4" skipped="0" failures="0" errors="0" timestamp="2022-12-01T13:58:08" hostname="vx02" time="0.372">
  <properties/>
  <testcase name="Ally not cardinally adjacent to Player" classname="dungeonmania.mvp.AlliesMovementTest" time="0.043"/>
  <testcase name="Player moves adjacent to Ally on tick, ally takes previous position." classname="dungeonmania.mvp.AlliesMovementTest" time="0.089"/>
  <testcase name="Ally adjacent to player and then player interacts" classname="dungeonmania.mvp.AlliesMovementTest" time="0.078"/>
  <testcase name="Ally cardinally adjacent to Player" classname="dungeonmania.mvp.AlliesMovementTest" time="0.101"/>
  <system-out><![CDATA[]]></system-out>
  <system-err><![CDATA[[Test worker] INFO org.reflections.Reflections - Reflections took 14 ms to scan 2 urls, producing 153 keys and 153 values
[Test worker] INFO org.reflections.Reflections - Reflections took 10 ms to scan 2 urls, producing 118 keys and 118 values
[Test worker] INFO org.reflections.Reflections - Reflections took 40 ms to scan 2 urls, producing 153 keys and 153 values
[Test worker] INFO org.reflections.Reflections - Reflections took 31 ms to scan 2 urls, producing 118 keys and 118 values
[Test worker] INFO org.reflections.Reflections - Reflections took 21 ms to scan 2 urls, producing 153 keys and 153 values
[Test worker] INFO org.reflections.Reflections - Reflections took 22 ms to scan 2 urls, producing 118 keys and 118 values
[Test worker] INFO org.reflections.Reflections - Reflections took 27 ms to scan 2 urls, producing 153 keys and 153 values
[Test worker] INFO org.reflections.Reflections - Reflections took 49 ms to scan 2 urls, producing 118 keys and 118 values
]]></system-err>
</testsuite>
