<?xml version="1.0" encoding="UTF-8"?>
<testsuite name="dungeonmania.mvp.DoorsKeysTest" tests="7" skipped="0" failures="0" errors="0" timestamp="2022-12-01T13:58:14" hostname="vx02" time="0.417">
  <properties/>
  <testcase name="Test player can pick up a key and add to inventory" classname="dungeonmania.mvp.DoorsKeysTest" time="0.05"/>
  <testcase name="Test player cannot pickup two keys at the same time" classname="dungeonmania.mvp.DoorsKeysTest" time="0.062"/>
  <testcase name="Test player can use a key to open and walk through a door" classname="dungeonmania.mvp.DoorsKeysTest" time="0.064"/>
  <testcase name="Test player cannot walk through a closed door" classname="dungeonmania.mvp.DoorsKeysTest" time="0.058"/>
  <testcase name="Test doors remain open and the player can move through the door without a key" classname="dungeonmania.mvp.DoorsKeysTest" time="0.047"/>
  <testcase name="Test player cannot open a door with the wrong key" classname="dungeonmania.mvp.DoorsKeysTest" time="0.032"/>
  <testcase name="Test player can pick up a second key after using the first" classname="dungeonmania.mvp.DoorsKeysTest" time="0.073"/>
  <system-out><![CDATA[]]></system-out>
  <system-err><![CDATA[[Test worker] INFO org.reflections.Reflections - Reflections took 11 ms to scan 2 urls, producing 153 keys and 153 values
[Test worker] INFO org.reflections.Reflections - Reflections took 13 ms to scan 2 urls, producing 118 keys and 118 values
[Test worker] INFO org.reflections.Reflections - Reflections took 8 ms to scan 2 urls, producing 153 keys and 153 values
[Test worker] INFO org.reflections.Reflections - Reflections took 40 ms to scan 2 urls, producing 118 keys and 118 values
[Test worker] INFO org.reflections.Reflections - Reflections took 41 ms to scan 2 urls, producing 153 keys and 153 values
[Test worker] INFO org.reflections.Reflections - Reflections took 19 ms to scan 2 urls, producing 118 keys and 118 values
[Test worker] INFO org.reflections.Reflections - Reflections took 26 ms to scan 2 urls, producing 153 keys and 153 values
[Test worker] INFO org.reflections.Reflections - Reflections took 20 ms to scan 2 urls, producing 118 keys and 118 values
[Test worker] INFO org.reflections.Reflections - Reflections took 11 ms to scan 2 urls, producing 153 keys and 153 values
[Test worker] INFO org.reflections.Reflections - Reflections took 19 ms to scan 2 urls, producing 118 keys and 118 values
[Test worker] INFO org.reflections.Reflections - Reflections took 11 ms to scan 2 urls, producing 153 keys and 153 values
[Test worker] INFO org.reflections.Reflections - Reflections took 14 ms to scan 2 urls, producing 118 keys and 118 values
[Test worker] INFO org.reflections.Reflections - Reflections took 10 ms to scan 2 urls, producing 153 keys and 153 values
[Test worker] INFO org.reflections.Reflections - Reflections took 61 ms to scan 2 urls, producing 118 keys and 118 values
]]></system-err>
</testsuite>
